<?xml version="1.0" encoding="UTF-8"?>
<testsuite name="Shopping of a dress in web shop" tests="1" skipped="0" failures="0" errors="0" timestamp="2019-08-23T04:45:32" hostname="WAZETREK" time="18.871">
  <properties/>
  <testcase name="buy a dress without login" classname="Shopping of a dress in web shop" time="18.871"/>
  <system-out><![CDATA[50.99
]]></system-out>
  <system-err><![CDATA[Aug 22, 2019 11:45:33 PM org.openqa.selenium.remote.DesiredCapabilities chrome
INFO: Using `new ChromeOptions()` is preferred to `DesiredCapabilities.chrome()`
Starting ChromeDriver 76.0.3809.68 (420c9498db8ce8fcd190a954d51297672c1515d5-refs/branch-heads/3809@{#864}) on port 23562
Only local connections are allowed.
Please protect ports used by ChromeDriver and related test frameworks to prevent access by malicious code.
[1566535537.079][WARNING]: Timed out connecting to Chrome, retrying...
Aug 22, 2019 11:45:39 PM org.openqa.selenium.remote.ProtocolHandshake createSession
INFO: Detected dialect: W3C
]]></system-err>
</testsuite>
